<?xml version="1.0" encoding="UTF-8"?>
<!-- Generated by org.testng.reporters.JUnitReportReporter -->
<testsuite hostname="stornburgh2824.local" failures="0" tests="2" name="ConfigurationTest" time="0.009" errors="0" timestamp="2022-10-18T20:54:52 BST" skipped="0">
  <testcase classname="ConfigurationTest" name="searchCustomer" time="0.008"/>
  <system-out/>
  <testcase classname="ConfigurationTest" name="searchProduct" time="0.001"/>
  <system-out/>
</testsuite> <!-- ConfigurationTest -->
